<?xml version="1.0" encoding="UTF-8"?>
<!-- Generated by org.testng.reporters.JUnitReportReporter -->
<testsuite skipped="0" hostname="ASHOK-PC" name="com.pageTest.TestCase_001" tests="22" failures="0" timestamp="02 Jun 2019 10:15:54 GMT" time="18.135" errors="0">
  <testcase name="click_On_Person" time="1.989" classname="com.pageTest.TestCase_001"/>
  <testcase name="add_New_Peoples_Data" time="0.199" classname="com.pageTest.TestCase_001"/>
  <testcase name="add_New_Peoples_Data" time="0.137" classname="com.pageTest.TestCase_001"/>
  <testcase name="add_New_Peoples_Data" time="3.702" classname="com.pageTest.TestCase_001"/>
  <testcase name="add_New_Peoples_Data" time="1.212" classname="com.pageTest.TestCase_001"/>
  <testcase name="add_New_Peoples_Data" time="0.230" classname="com.pageTest.TestCase_001"/>
  <testcase name="add_New_Peoples_Data" time="0.116" classname="com.pageTest.TestCase_001"/>
  <testcase name="add_New_Peoples_Data" time="0.156" classname="com.pageTest.TestCase_001"/>
  <testcase name="add_New_Peoples_Data" time="1.270" classname="com.pageTest.TestCase_001"/>
  <testcase name="add_New_Peoples_Data" time="0.121" classname="com.pageTest.TestCase_001"/>
  <testcase name="add_New_Peoples_Data" time="0.170" classname="com.pageTest.TestCase_001"/>
  <testcase name="add_New_Peoples_Data" time="0.089" classname="com.pageTest.TestCase_001"/>
  <testcase name="add_New_Peoples_Data" time="0.121" classname="com.pageTest.TestCase_001"/>
  <testcase name="add_New_Peoples_Data" time="0.122" classname="com.pageTest.TestCase_001"/>
  <testcase name="add_New_Peoples_Data" time="0.171" classname="com.pageTest.TestCase_001"/>
  <testcase name="add_New_Peoples_Data" time="0.117" classname="com.pageTest.TestCase_001"/>
  <testcase name="add_New_Peoples_Data" time="0.177" classname="com.pageTest.TestCase_001"/>
  <testcase name="click_On_Cases" time="2.199" classname="com.pageTest.TestCase_001"/>
  <testcase name="fill_New_Cases" time="0.150" classname="com.pageTest.TestCase_001"/>
  <testcase name="fill_New_Cases" time="2.256" classname="com.pageTest.TestCase_001"/>
  <testcase name="fill_New_Cases" time="0.183" classname="com.pageTest.TestCase_001"/>
  <testcase name="fill_New_Cases" time="3.248" classname="com.pageTest.TestCase_001"/>
</testsuite> <!-- com.pageTest.TestCase_001 -->
