<?xml version="1.0" encoding="UTF-8"?>
<!-- Generated by org.testng.reporters.JUnitReportReporter -->
<testsuite skipped="0" hostname="ASHOK-PC" name="com.ashok.util.Read_XL_Data" tests="48" failures="0" timestamp="03 Jun 2019 11:15:42 GMT" time="0.074" errors="0">
  <testcase name="printData" time="0.001" classname="com.ashok.util.Read_XL_Data"/>
  <testcase name="printData" time="0.002" classname="com.ashok.util.Read_XL_Data"/>
  <testcase name="printData" time="0.002" classname="com.ashok.util.Read_XL_Data"/>
  <testcase name="printData" time="0.001" classname="com.ashok.util.Read_XL_Data"/>
  <testcase name="printData" time="0.001" classname="com.ashok.util.Read_XL_Data"/>
  <testcase name="printData" time="0.001" classname="com.ashok.util.Read_XL_Data"/>
  <testcase name="printData" time="0.002" classname="com.ashok.util.Read_XL_Data"/>
  <testcase name="printData" time="0.001" classname="com.ashok.util.Read_XL_Data"/>
  <testcase name="printData" time="0.001" classname="com.ashok.util.Read_XL_Data"/>
  <testcase name="printData" time="0.003" classname="com.ashok.util.Read_XL_Data"/>
  <testcase name="printData" time="0.001" classname="com.ashok.util.Read_XL_Data"/>
  <testcase name="printData" time="0.001" classname="com.ashok.util.Read_XL_Data"/>
  <testcase name="printData" time="0.002" classname="com.ashok.util.Read_XL_Data"/>
  <testcase name="printData" time="0.001" classname="com.ashok.util.Read_XL_Data"/>
  <testcase name="printData" time="0.001" classname="com.ashok.util.Read_XL_Data"/>
  <testcase name="printData" time="0.001" classname="com.ashok.util.Read_XL_Data"/>
  <testcase name="printData" time="0.002" classname="com.ashok.util.Read_XL_Data"/>
  <testcase name="printData" time="0.002" classname="com.ashok.util.Read_XL_Data"/>
  <testcase name="printData" time="0.001" classname="com.ashok.util.Read_XL_Data"/>
  <testcase name="printData" time="0.002" classname="com.ashok.util.Read_XL_Data"/>
  <testcase name="printData" time="0.002" classname="com.ashok.util.Read_XL_Data"/>
  <testcase name="printData" time="0.002" classname="com.ashok.util.Read_XL_Data"/>
  <testcase name="printData" time="0.009" classname="com.ashok.util.Read_XL_Data"/>
  <testcase name="printData" time="0.001" classname="com.ashok.util.Read_XL_Data"/>
  <testcase name="printData" time="0.002" classname="com.ashok.util.Read_XL_Data"/>
  <testcase name="printData" time="0.001" classname="com.ashok.util.Read_XL_Data"/>
  <testcase name="printData" time="0.001" classname="com.ashok.util.Read_XL_Data"/>
  <testcase name="printData" time="0.001" classname="com.ashok.util.Read_XL_Data"/>
  <testcase name="printData" time="0.003" classname="com.ashok.util.Read_XL_Data"/>
  <testcase name="printData" time="0.001" classname="com.ashok.util.Read_XL_Data"/>
  <testcase name="printData" time="0.001" classname="com.ashok.util.Read_XL_Data"/>
  <testcase name="printData" time="0.001" classname="com.ashok.util.Read_XL_Data"/>
  <testcase name="printData" time="0.002" classname="com.ashok.util.Read_XL_Data"/>
  <testcase name="printData" time="0.001" classname="com.ashok.util.Read_XL_Data"/>
  <testcase name="printData" time="0.001" classname="com.ashok.util.Read_XL_Data"/>
  <testcase name="printData" time="0.001" classname="com.ashok.util.Read_XL_Data"/>
  <testcase name="printData" time="0.001" classname="com.ashok.util.Read_XL_Data"/>
  <testcase name="printData" time="0.001" classname="com.ashok.util.Read_XL_Data"/>
  <testcase name="printData" time="0.002" classname="com.ashok.util.Read_XL_Data"/>
  <testcase name="printData" time="0.001" classname="com.ashok.util.Read_XL_Data"/>
  <testcase name="printData" time="0.001" classname="com.ashok.util.Read_XL_Data"/>
  <testcase name="printData" time="0.001" classname="com.ashok.util.Read_XL_Data"/>
  <testcase name="printData" time="0.002" classname="com.ashok.util.Read_XL_Data"/>
  <testcase name="printData" time="0.001" classname="com.ashok.util.Read_XL_Data"/>
  <testcase name="printData" time="0.002" classname="com.ashok.util.Read_XL_Data"/>
  <testcase name="printData" time="0.001" classname="com.ashok.util.Read_XL_Data"/>
  <testcase name="printData" time="0.001" classname="com.ashok.util.Read_XL_Data"/>
  <testcase name="printData" time="0.001" classname="com.ashok.util.Read_XL_Data"/>
</testsuite> <!-- com.ashok.util.Read_XL_Data -->
