<?xml version="1.0" encoding="UTF-8"?>
<!-- Generated by org.testng.reporters.JUnitReportReporter -->
<testsuite skipped="1" hostname="ASHOK-PC" name="com.pageTest.loginPageTest" tests="19" failures="0" timestamp="02 Jun 2019 05:52:17 GMT" time="16.720" errors="0">
  <testcase name="click_On_Person" time="2.751" classname="com.pageTest.loginPageTest"/>
  <testcase name="add_New_Peoples_Data" time="1.257" classname="com.pageTest.loginPageTest"/>
  <testcase name="add_New_Peoples_Data" time="0.126" classname="com.pageTest.loginPageTest"/>
  <testcase name="add_New_Peoples_Data" time="2.485" classname="com.pageTest.loginPageTest"/>
  <testcase name="add_New_Peoples_Data" time="0.132" classname="com.pageTest.loginPageTest"/>
  <testcase name="add_New_Peoples_Data" time="0.131" classname="com.pageTest.loginPageTest"/>
  <testcase name="add_New_Peoples_Data" time="0.137" classname="com.pageTest.loginPageTest"/>
  <testcase name="add_New_Peoples_Data" time="0.235" classname="com.pageTest.loginPageTest"/>
  <testcase name="add_New_Peoples_Data" time="0.169" classname="com.pageTest.loginPageTest"/>
  <testcase name="add_New_Peoples_Data" time="0.273" classname="com.pageTest.loginPageTest"/>
  <testcase name="add_New_Peoples_Data" time="0.227" classname="com.pageTest.loginPageTest"/>
  <testcase name="add_New_Peoples_Data" time="0.228" classname="com.pageTest.loginPageTest"/>
  <testcase name="add_New_Peoples_Data" time="1.254" classname="com.pageTest.loginPageTest"/>
  <testcase name="add_New_Peoples_Data" time="0.124" classname="com.pageTest.loginPageTest"/>
  <testcase name="add_New_Peoples_Data" time="0.088" classname="com.pageTest.loginPageTest"/>
  <testcase name="add_New_Peoples_Data" time="0.144" classname="com.pageTest.loginPageTest"/>
  <testcase name="add_New_Peoples_Data" time="0.230" classname="com.pageTest.loginPageTest"/>
  <testcase name="add_Cases" time="6.729" classname="com.pageTest.loginPageTest"/>
  <testcase name="accountSettings" classname="com.pageTest.loginPageTest">
    <skipped/>
  </testcase> <!-- accountSettings -->
</testsuite> <!-- com.pageTest.loginPageTest -->
