<?xml version="1.0" encoding="UTF-8"?>
<!-- Generated by org.testng.reporters.JUnitReportReporter -->
<testsuite skipped="0" hostname="ASHOK-PC" name="com.ashok.util.Read_XL_Data" tests="16" failures="0" timestamp="02 Jun 2019 05:46:09 GMT" time="0.040" errors="0">
  <testcase name="printData" time="0.002" classname="com.ashok.util.Read_XL_Data"/>
  <testcase name="printData" time="0.001" classname="com.ashok.util.Read_XL_Data"/>
  <testcase name="printData" time="0.001" classname="com.ashok.util.Read_XL_Data"/>
  <testcase name="printData" time="0.001" classname="com.ashok.util.Read_XL_Data"/>
  <testcase name="printData" time="0.002" classname="com.ashok.util.Read_XL_Data"/>
  <testcase name="printData" time="0.001" classname="com.ashok.util.Read_XL_Data"/>
  <testcase name="printData" time="0.002" classname="com.ashok.util.Read_XL_Data"/>
  <testcase name="printData" time="0.009" classname="com.ashok.util.Read_XL_Data"/>
  <testcase name="printData" time="0.009" classname="com.ashok.util.Read_XL_Data"/>
  <testcase name="printData" time="0.001" classname="com.ashok.util.Read_XL_Data"/>
  <testcase name="printData" time="0.001" classname="com.ashok.util.Read_XL_Data"/>
  <testcase name="printData" time="0.002" classname="com.ashok.util.Read_XL_Data"/>
  <testcase name="printData" time="0.002" classname="com.ashok.util.Read_XL_Data"/>
  <testcase name="printData" time="0.002" classname="com.ashok.util.Read_XL_Data"/>
  <testcase name="printData" time="0.002" classname="com.ashok.util.Read_XL_Data"/>
  <testcase name="printData" time="0.002" classname="com.ashok.util.Read_XL_Data"/>
</testsuite> <!-- com.ashok.util.Read_XL_Data -->
