<?xml version="1.0" encoding="UTF-8"?>
<!-- Generated by org.testng.reporters.JUnitReportReporter -->
<testsuite skipped="0" hostname="ASHOK-PC" name="com.pageTest.TestCase_001" tests="22" failures="0" timestamp="02 Jun 2019 10:50:01 GMT" time="15.483" errors="0">
  <testcase name="click_On_Person" time="2.019" classname="com.pageTest.TestCase_001"/>
  <testcase name="add_New_Peoples_Data" time="1.285" classname="com.pageTest.TestCase_001"/>
  <testcase name="add_New_Peoples_Data" time="0.117" classname="com.pageTest.TestCase_001"/>
  <testcase name="add_New_Peoples_Data" time="0.133" classname="com.pageTest.TestCase_001"/>
  <testcase name="add_New_Peoples_Data" time="3.120" classname="com.pageTest.TestCase_001"/>
  <testcase name="add_New_Peoples_Data" time="0.119" classname="com.pageTest.TestCase_001"/>
  <testcase name="add_New_Peoples_Data" time="0.143" classname="com.pageTest.TestCase_001"/>
  <testcase name="add_New_Peoples_Data" time="0.174" classname="com.pageTest.TestCase_001"/>
  <testcase name="add_New_Peoples_Data" time="0.165" classname="com.pageTest.TestCase_001"/>
  <testcase name="add_New_Peoples_Data" time="0.234" classname="com.pageTest.TestCase_001"/>
  <testcase name="add_New_Peoples_Data" time="0.182" classname="com.pageTest.TestCase_001"/>
  <testcase name="add_New_Peoples_Data" time="0.170" classname="com.pageTest.TestCase_001"/>
  <testcase name="add_New_Peoples_Data" time="1.198" classname="com.pageTest.TestCase_001"/>
  <testcase name="add_New_Peoples_Data" time="0.121" classname="com.pageTest.TestCase_001"/>
  <testcase name="add_New_Peoples_Data" time="0.097" classname="com.pageTest.TestCase_001"/>
  <testcase name="add_New_Peoples_Data" time="0.129" classname="com.pageTest.TestCase_001"/>
  <testcase name="add_New_Peoples_Data" time="0.239" classname="com.pageTest.TestCase_001"/>
  <testcase name="click_On_Cases" time="2.157" classname="com.pageTest.TestCase_001"/>
  <testcase name="fill_New_Cases" time="2.132" classname="com.pageTest.TestCase_001"/>
  <testcase name="fill_New_Cases" time="1.229" classname="com.pageTest.TestCase_001"/>
  <testcase name="fill_New_Cases" time="0.150" classname="com.pageTest.TestCase_001"/>
  <testcase name="fill_New_Cases" time="0.170" classname="com.pageTest.TestCase_001"/>
</testsuite> <!-- com.pageTest.TestCase_001 -->
