<?xml version="1.0" encoding="UTF-8"?>
<!-- Generated by org.testng.reporters.JUnitReportReporter -->
<testsuite skipped="0" hostname="ASHOK-PC" name="com.pageTest.loginPageTest" tests="1" failures="0" timestamp="28 May 2019 14:49:36 GMT" time="2.004" errors="0">
  <testcase name="loginToAccount" time="2.004" classname="com.pageTest.loginPageTest"/>
</testsuite> <!-- com.pageTest.loginPageTest -->
