<?xml version="1.0" encoding="UTF-8"?>
<!-- Generated by org.testng.reporters.JUnitReportReporter -->
<testsuite skipped="0" hostname="ASHOK-PC" name="com.pageTest.DataDriven" tests="16" failures="0" timestamp="03 Jun 2019 11:33:54 GMT" time="0.071" errors="0">
  <testcase name="printData" time="0.029" classname="com.pageTest.DataDriven"/>
  <testcase name="printData" time="0.002" classname="com.pageTest.DataDriven"/>
  <testcase name="printData" time="0.003" classname="com.pageTest.DataDriven"/>
  <testcase name="printData" time="0.002" classname="com.pageTest.DataDriven"/>
  <testcase name="printData" time="0.005" classname="com.pageTest.DataDriven"/>
  <testcase name="printData" time="0.002" classname="com.pageTest.DataDriven"/>
  <testcase name="printData" time="0.003" classname="com.pageTest.DataDriven"/>
  <testcase name="printData" time="0.006" classname="com.pageTest.DataDriven"/>
  <testcase name="printData" time="0.002" classname="com.pageTest.DataDriven"/>
  <testcase name="printData" time="0.002" classname="com.pageTest.DataDriven"/>
  <testcase name="printData" time="0.002" classname="com.pageTest.DataDriven"/>
  <testcase name="printData" time="0.003" classname="com.pageTest.DataDriven"/>
  <testcase name="printData" time="0.004" classname="com.pageTest.DataDriven"/>
  <testcase name="printData" time="0.001" classname="com.pageTest.DataDriven"/>
  <testcase name="printData" time="0.002" classname="com.pageTest.DataDriven"/>
  <testcase name="printData" time="0.003" classname="com.pageTest.DataDriven"/>
</testsuite> <!-- com.pageTest.DataDriven -->
