<?xml version="1.0" encoding="UTF-8"?>
<!-- Generated by org.testng.reporters.JUnitReportReporter -->
<testsuite skipped="0" hostname="ASHOK-PC" name="com.pageTest.TestCase_002" tests="1" failures="0" timestamp="05 Jun 2019 07:10:46 GMT" time="2.196" errors="0">
  <testcase name="accountSettings" time="2.196" classname="com.pageTest.TestCase_002"/>
</testsuite> <!-- com.pageTest.TestCase_002 -->
